// 重构日志: 030dbc1c
// 重构日志: 9f777b81
// 同步 ID: 5c5e457c @ Thu Jul  2 20:10:10 UTC 2026
// 同步 ID: 2c5e2a2b @ Fri Jul  3 08:39:37 UTC 2026
// 重构日志: 6affab6e
// 同步 ID: 43b5beb3 @ Fri Jul  3 15:51:10 UTC 2026
// 同步 ID: 21ddbdf3 @ Fri Jul  3 20:07:14 UTC 2026
// 重构日志: 0319174a
// 重构日志: 5eaa2d83
// 重构日志: e23d9ca0
// 重构日志: 3b44bd32
// 重构日志: 4412ec7e
// 同步 ID: 0e5fb305 @ Mon Jul  6 09:14:49 UTC 2026
// 重构日志: 2069b012
// 重构日志: 536a5b47
// 重构日志: 9bd0a1bc
// 同步 ID: 2d6c6e83 @ Tue Jul  7 12:42:10 UTC 2026
// 重构日志: a750e167
// 同步 ID: b85bcdb5 @ Wed Jul  8 17:30:29 UTC 2026
// 重构日志: febbb51c
// 重构日志: dd8d6c38
// 重构日志: 72ada272
// 同步 ID: ed48e5a6 @ Sat Jul 11 14:54:35 UTC 2026
// 重构日志: 045859c1
// 重构日志: 8a33a419
// 同步 ID: ca640b1b @ Sun Jul 12 05:01:13 UTC 2026
// 重构日志: cd2bf0dd
// 重构日志: 630b7396
// 重构日志: 7ea834a2
// 同步 ID: f4762e39 @ Sun Jul 12 17:55:04 UTC 2026
// 重构日志: d57ee44f
// 重构日志: 53543560
